    ____  ____
   /   /\/   /
  /___/  \  /    VENDOR      : Xilinx Inc.
  \   \   \/     VERSION     : 14.7 (P.20131013)
   \   \         APPLICATION : compxlib
   /   /         CONTENTS    : Compilation Log
  /___/   /\     FILENAME    : compxlib.log
  \   \  /  \    
   \___\/\___\

Processing command line ...
Library Source Paths => 'C:/Xilinx/14.7/ISE_DS/ISE'
Current Working Directory => 'Z:\groups\8\final_project'
Compilation Mode = FAST
Execute Mode = ON
Scheduling library installation & compilation for architectures: all

Scheduling library installation & compilation for libraries: all

Signature:-
------------------------------------------------------------------------------
compxlib -s mti_pe -l verilog -arch all -lib all -w -exclude_superseded 
------------------------------------------------------------------------------
Get MODELSIM environment variable
MODELSIM: ( => 'C:/Modeltech_pe_edu_10.4a/win32pe_edu/../modelsim.ini' )
Using MODELSIM ( => 'C:/Modeltech_pe_edu_10.4a/win32pe_edu/../modelsim.ini' )

Setting up the simulator 'mti_pe' for compilation ...
The executable path is set to 'C:/Modeltech_pe_edu_10.4a/win32pe_edu' ...
Setting up the source libraries for simulator 'mti_pe' ...
Retrieving the .pao files for EDK library ...
Building the library hierarchies from the .pao files for EDK library ...
Assigning the netlist files to the hierarchies for EDK library ...



Compiling Xilinx HDL Libraries for 'mti_pe' simulator
Model Technology ModelSim PE Student Edition vlog 10.4a Compiler 2015.03 Apr  7 2015
Language => 'verilog,vhdl'
ERROR:Compxlib:239 - COMPXLIB[file]: Non-writable setup file 'C:/Modeltech_pe_edu_10.4a/win32pe_edu/../modelsim.ini' detected.Please ensure that it has write permissions.
