Running: C:\Xilinx\14.7\ISE_DS\ISE\bin\nt\unwrapped\fuse.exe -intstyle ise -incremental -lib unisims_ver -lib unimacro_ver -lib xilinxcorelib_ver -lib secureip -o Z:/groups/8/final_project/color_changer_tb_isim_beh.exe -prj Z:/groups/8/final_project/color_changer_tb_beh.prj work.color_changer_tb work.glbl 
ISim P.20131013 (signature 0x8ef4fb42)
Number of CPUs detected in this system: 2
Turning on mult-threading, number of parallel sub-compilation jobs: 4 
Determining compilation order of HDL files
Analyzing Verilog file "Z:/groups/8/final_project/launchpad_interface.v" into library work
Analyzing Verilog file "Z:/groups/8/final_project/ff_lib.v" into library work
Analyzing Verilog file "Z:/groups/8/final_project/color_changer.v" into library work
Analyzing Verilog file "Z:/groups/8/final_project/color_changer_tb.v" into library work
Analyzing Verilog file "C:/Xilinx/14.7/ISE_DS/ISE//verilog/src/glbl.v" into library work
Starting static elaboration
Completed static elaboration
Fuse Memory Usage: 105116 KB
Fuse CPU Usage: 296 ms
Compiling module launchpad_interface
Compiling module dffre(WIDTH=3)
Compiling module dffre(WIDTH=4)
Compiling module color_changer
Compiling module color_changer_tb
Compiling module glbl
Time Resolution for simulation is 1ps.
Waiting for 1 sub-compilation(s) to finish...
Compiled 6 Verilog Units
Built simulation executable Z:/groups/8/final_project/color_changer_tb_isim_beh.exe
Fuse Memory Usage: 128268 KB
Fuse CPU Usage: 389 ms
