Release 14.7 Map P.20131013 (nt)
Xilinx Mapping Report File for Design 'lab5_top'

Design Information
------------------
Command Line   : map -intstyle ise -p xc7z020-clg484-3 -w -logic_opt off -ol
high -t 1 -xt 0 -register_duplication off -r 4 -mt off -ir off -pr off -lc off
-power off -o lab5_top_map.ncd lab5_top.ngd lab5_top.pcf 
Target Device  : xc7z020
Target Package : clg484
Target Speed   : -3
Mapper Version : zynq -- $Revision: 1.55 $
Mapped Date    : Wed Dec 02 17:25:18 2015

Design Summary
--------------
Number of errors:      0
Number of warnings:    4
Slice Logic Utilization:
  Number of Slice Registers:                   729 out of 106,400    1%
    Number used as Flip Flops:                 729
    Number used as Latches:                      0
    Number used as Latch-thrus:                  0
    Number used as AND/OR logics:                0
  Number of Slice LUTs:                      1,408 out of  53,200    2%
    Number used as logic:                    1,350 out of  53,200    2%
      Number using O6 output only:             892
      Number using O5 output only:             169
      Number using O5 and O6:                  289
      Number used as ROM:                        0
    Number used as Memory:                       4 out of  17,400    1%
      Number used as Dual Port RAM:              0
      Number used as Single Port RAM:            0
      Number used as Shift Register:             4
        Number using O6 output only:             4
        Number using O5 output only:             0
        Number using O5 and O6:                  0
    Number used exclusively as route-thrus:     54
      Number with same-slice register load:      8
      Number with same-slice carry load:        46
      Number with other load:                    0

Slice Logic Distribution:
  Number of occupied Slices:                   458 out of  13,300    3%
  Number of LUT Flip Flop pairs used:        1,457
    Number with an unused Flip Flop:           808 out of   1,457   55%
    Number with an unused LUT:                  49 out of   1,457    3%
    Number of fully used LUT-FF pairs:         600 out of   1,457   41%
    Number of unique control sets:              50
    Number of slice register sites lost
      to control set restrictions:             187 out of 106,400    1%

  A LUT Flip Flop pair for this architecture represents one LUT paired with
  one Flip Flop within a slice.  A control set is a unique combination of
  clock, reset, set, and enable signals for a registered element.
  The Slice Logic Distribution report is not meaningful if the design is
  over-mapped for a non-slice resource or if Placement fails.
  OVERMAPPING of BRAM resources should be ignored if the design is
  over-mapped for a non-BRAM resource or if placement fails.

IO Utilization:
  Number of bonded IOBs:                        61 out of     200   30%
    Number of LOCed IOBs:                       61 out of      61  100%
    IOB Flip Flops:                              1

Specific Feature Utilization:
  Number of RAMB36E1/FIFO36E1s:                  0 out of     140    0%
  Number of RAMB18E1/FIFO18E1s:                  6 out of     280    2%
    Number using RAMB18E1 only:                  6
    Number using FIFO18E1 only:                  0
  Number of BUFG/BUFGCTRLs:                      3 out of      32    9%
    Number used as BUFGs:                        3
    Number used as BUFGCTRLs:                    0
  Number of IDELAYE2/IDELAYE2_FINEDELAYs:        0 out of     200    0%
  Number of ILOGICE2/ILOGICE3/ISERDESE2s:        0 out of     200    0%
  Number of ODELAYE2/ODELAYE2_FINEDELAYs:        0
  Number of OLOGICE2/OLOGICE3/OSERDESE2s:        1 out of     200    1%
    Number used as OLOGICE2s:                    1
    Number used as OLOGICE3s:                    0
    Number used as OSERDESE2s:                   0
  Number of PHASER_IN/PHASER_IN_PHYs:            0 out of      16    0%
  Number of PHASER_OUT/PHASER_OUT_PHYs:          0 out of      16    0%
  Number of BSCANs:                              0 out of       4    0%
  Number of BUFHCEs:                             0 out of      72    0%
  Number of BUFRs:                               0 out of      16    0%
  Number of CAPTUREs:                            0 out of       1    0%
  Number of DNA_PORTs:                           0 out of       1    0%
  Number of DSP48E1s:                            8 out of     220    3%
  Number of EFUSE_USRs:                          0 out of       1    0%
  Number of FRAME_ECCs:                          0 out of       1    0%
  Number of ICAPs:                               0 out of       2    0%
  Number of IDELAYCTRLs:                         0 out of       4    0%
  Number of IN_FIFOs:                            0 out of      16    0%
  Number of MMCME2_ADVs:                         1 out of       4   25%
  Number of OUT_FIFOs:                           0 out of      16    0%
  Number of PHASER_REFs:                         0 out of       4    0%
  Number of PHY_CONTROLs:                        0 out of       4    0%
  Number of PLLE2_ADVs:                          1 out of       4   25%
  Number of PS7s:                                0 out of       1    0%
  Number of STARTUPs:                            0 out of       1    0%
  Number of XADCs:                               0 out of       1    0%

Average Fanout of Non-Clock Nets:                3.27

Peak Memory Usage:  580 MB
Total REAL time to MAP completion:  3 mins 13 secs 
Total CPU time to MAP completion:   3 mins 12 secs 

Table of Contents
-----------------
Section 1 - Errors
Section 2 - Warnings
Section 3 - Informational
Section 4 - Removed Logic Summary
Section 5 - Removed Logic
Section 6 - IOB Properties
Section 7 - RPMs
Section 8 - Guide Report
Section 9 - Area Group and Partition Summary
Section 10 - Timing Report
Section 11 - Configuration String Information
Section 12 - Control Set Information
Section 13 - Utilization by Hierarchy

Section 1 - Errors
------------------

Section 2 - Warnings
--------------------
WARNING:Pack:1653 - At least one timing constraint is impossible to meet because component delays alone exceed the constraint. A timing
   constraint summary below shows the failing constraints (preceded with an Asterisk (*)). Please use the Timing Analyzer (GUI) or TRCE
   (command line) with the Mapped NCD and PCF files to identify which constraints and paths are failing because of the component delays
   alone. If the failing path(s) is mapped to Xilinx components as expected, consider relaxing the constraint. If it is not mapped to
   components as expected, re-evaluate your HDL and how synthesis is optimizing the path. To allow the tools to bypass this error, set the
   environment variable XIL_TIMING_ALLOW_IMPOSSIBLE to 1.


   For more information about the Timing Analyzer, consult the Xilinx Timing Analyzer Reference manual; for more information on TRCE,
   consult the Xilinx Command Line Tools User Guide "TRACE" chapter.
WARNING:PhysDesignRules:2500 - This design does not have a PS7 block.
   Instantiate the PS7 block in order to ensure proper fabric tie-offs and
   correct operation of the processing_system7.
WARNING:PhysDesignRules:367 - The signal <AC_GPIO1_IBUF> is incomplete. The
   signal does not drive any load pins in the design.
WARNING:PhysDesignRules:367 - The signal <hdmi_int_IBUF> is incomplete. The
   signal does not drive any load pins in the design.

Section 3 - Informational
-------------------------
INFO:LIT:243 - Logical network sw<8>_IBUF has no load.
INFO:LIT:395 - The above info message is repeated 10 more times for the
   following (max. 5 shown):
   sw<7>_IBUF,
   sw<6>_IBUF,
   sw<5>_IBUF,
   sw<4>_IBUF,
   sw<3>_IBUF
   To see the details of these info messages, please use the -detail switch.
INFO:LIT:244 - All of the single ended outputs in this design are using slew
   rate limited output drivers. The delay on speed critical single ended outputs
   can be dramatically reduced by designating them as fast outputs.
INFO:Pack:1716 - Initializing temperature to 85.000 Celsius. (default - Range:
   0.000 to 85.000 Celsius)
INFO:Pack:1720 - Initializing voltage to 0.950 Volts. (default - Range: 0.950 to
   1.050 Volts)
INFO:Map:215 - The Interim Design Summary has been generated in the MAP Report
   (.mrp).
INFO:Pack:1650 - Map created a placed design.

Section 4 - Removed Logic Summary
---------------------------------
   1 block(s) removed
   2 block(s) optimized away

Section 5 - Removed Logic
-------------------------

The trimmed logic report below shows the logic removed from your design due to
sourceless or loadless signals, and VCC or ground connections.  If the removal
of a signal or symbol results in the subsequent removal of an additional signal
or symbol, the message explaining that second removal will be indented.  This
indentation will be repeated as a chain of related logic is removed.

To quickly locate the original cause for the removal of a chain of logic, look
above the place where that logic is listed in the trimming report, then locate
the lines that are least indented (begin at the leftmost edge).

Loadless block "music_player/note_player/Madd_temp_sample_out15" (ROM) removed.

Optimized Block(s):
TYPE 		BLOCK
GND 		XST_GND
VCC 		XST_VCC

To enable printing of redundant blocks removed and signals merged, set the
detailed map report option and rerun map.

Section 11 - Timing Report
--------------------------
INFO:Timing:3284 - This timing report was generated using estimated delay 
   information.  For accurate numbers, please refer to the post Place and Route 
   timing report.
Asterisk (*) preceding a constraint indicates it was not met.
   This may be due to a setup or hold violation.

----------------------------------------------------------------------------------------------------------
  Constraint                                |    Check    | Worst Case |  Best Case | Timing |   Timing   
                                            |             |    Slack   | Achievable | Errors |    Score   
----------------------------------------------------------------------------------------------------------
* TS_adau1761_codec_codec_clock_gen_clkout0 | SETUP       |    -3.243ns|   101.939ns|      32|       96553
   = PERIOD TIMEGRP "adau1761_codec_codec_c | HOLD        |    -0.061ns|            |       8|         355
  lock_gen_clkout0" TS_clk / 0.48 HIGH 50%  |             |            |            |        |            
----------------------------------------------------------------------------------------------------------
* TS_clk = PERIOD TIMEGRP "clk" 10 ns HIGH  | SETUP       |     0.351ns|     8.202ns|       0|           0
  50%                                       | HOLD        |    -0.319ns|            |      23|        3024
----------------------------------------------------------------------------------------------------------
  TS_hdmi_clk_vgax2 = PERIOD TIMEGRP "hdmi_ | SETUP       |     0.428ns|     3.415ns|       0|           0
  clk_vgax2" TS_clk / 1.8 HIGH 50%          | HOLD        |     0.069ns|            |       0|           0
----------------------------------------------------------------------------------------------------------
  TS_hdmi_clk = PERIOD TIMEGRP "hdmi_clk" T | SETUP       |     8.540ns|     1.460ns|       0|           0
  S_clk HIGH 50%                            | HOLD        |     0.069ns|            |       0|           0
----------------------------------------------------------------------------------------------------------


Derived Constraint Report
Review Timing Report for more details on the following derived constraints.
To create a Timing Report, run "trce -v 12 -fastpaths -o design_timing_report design.ncd design.pcf"
or "Run Timing Analysis" from Timing Analyzer (timingan).
Derived Constraints for TS_clk
+-------------------------------+-------------+-------------+-------------+-------------+-------------+-------------+-------------+
|                               |   Period    |       Actual Period       |      Timing Errors        |      Paths Analyzed       |
|           Constraint          | Requirement |-------------+-------------|-------------+-------------|-------------+-------------|
|                               |             |   Direct    | Derivative  |   Direct    | Derivative  |   Direct    | Derivative  |
+-------------------------------+-------------+-------------+-------------+-------------+-------------+-------------+-------------+
|TS_clk                         |     10.000ns|      8.202ns|     48.931ns|           23|           40|   8320286716|         8469|
| TS_adau1761_codec_codec_clock_|     20.833ns|    101.939ns|          N/A|           40|            0|         3883|            0|
| gen_clkout0                   |             |             |             |             |             |             |             |
| TS_hdmi_clk                   |     10.000ns|      1.460ns|          N/A|            0|            0|         3416|            0|
| TS_hdmi_clk_vgax2             |      5.556ns|      3.415ns|          N/A|            0|            0|         1170|            0|
+-------------------------------+-------------+-------------+-------------+-------------+-------------+-------------+-------------+

2 constraints not met.



Section 6 - IOB Properties
--------------------------

+---------------------------------------------------------------------------------------------------------------------------------------------------------+
| IOB Name                           | Type             | Direction | IO Standard          | Diff  | Drive    | Slew | Reg (s)      | Resistor | IOB      |
|                                    |                  |           |                      | Term  | Strength | Rate |              |          | Delay    |
+---------------------------------------------------------------------------------------------------------------------------------------------------------+
| AC_ADR0                            | IOB33            | OUTPUT    | LVCMOS33             |       | 12       | SLOW |              |          |          |
| AC_ADR1                            | IOB33            | OUTPUT    | LVCMOS33             |       | 12       | SLOW |              |          |          |
| AC_GPIO0                           | IOB33            | OUTPUT    | LVCMOS33             |       | 12       | SLOW |              |          |          |
| AC_GPIO1                           | IOB33            | INPUT     | LVCMOS33             |       |          |      |              |          |          |
| AC_GPIO2                           | IOB33            | INPUT     | LVCMOS33             |       |          |      |              |          |          |
| AC_GPIO3                           | IOB33            | INPUT     | LVCMOS33             |       |          |      |              |          |          |
| AC_MCLK                            | IOB33            | OUTPUT    | LVCMOS33             |       | 12       | SLOW |              |          |          |
| AC_SCK                             | IOB33            | OUTPUT    | LVCMOS33             |       | 12       | SLOW |              |          |          |
| AC_SDA                             | IOB33            | BIDIR     | LVCMOS33             |       | 12       | SLOW |              |          |          |
| JB<0>                              | IOB33            | OUTPUT    | LVCMOS33             |       | 12       | SLOW |              |          |          |
| JB<1>                              | IOB33            | OUTPUT    | LVCMOS33             |       | 12       | SLOW |              |          |          |
| JB<2>                              | IOB33            | OUTPUT    | LVCMOS33             |       | 12       | SLOW |              |          |          |
| JB<3>                              | IOB33            | OUTPUT    | LVCMOS33             |       | 12       | SLOW |              |          |          |
| JB<4>                              | IOB33            | INPUT     | LVCMOS33             |       |          |      |              |          |          |
| JB<5>                              | IOB33            | INPUT     | LVCMOS33             |       |          |      |              |          |          |
| JB<6>                              | IOB33            | INPUT     | LVCMOS33             |       |          |      |              |          |          |
| JB<7>                              | IOB33            | INPUT     | LVCMOS33             |       |          |      |              |          |          |
| btn_down                           | IOB              | INPUT     | LVCMOS18             |       |          |      |              |          |          |
| btn_left                           | IOB              | INPUT     | LVCMOS18             |       |          |      |              |          |          |
| btn_right                          | IOB              | INPUT     | LVCMOS18             |       |          |      |              |          |          |
| btn_up                             | IOB              | INPUT     | LVCMOS18             |       |          |      |              |          |          |
| clk                                | IOB33            | INPUT     | LVCMOS33             |       |          |      |              |          |          |
| hdmi_clock                         | IOB33            | OUTPUT    | LVCMOS33             |       | 12       | SLOW | ODDR         |          |          |
| hdmi_d<0>                          | IOB33            | OUTPUT    | LVCMOS33             |       | 12       | SLOW |              |          |          |
| hdmi_d<1>                          | IOB33            | OUTPUT    | LVCMOS33             |       | 12       | SLOW |              |          |          |
| hdmi_d<2>                          | IOB33            | OUTPUT    | LVCMOS33             |       | 12       | SLOW |              |          |          |
| hdmi_d<3>                          | IOB33            | OUTPUT    | LVCMOS33             |       | 12       | SLOW |              |          |          |
| hdmi_d<4>                          | IOB33            | OUTPUT    | LVCMOS33             |       | 12       | SLOW |              |          |          |
| hdmi_d<5>                          | IOB33            | OUTPUT    | LVCMOS33             |       | 12       | SLOW |              |          |          |
| hdmi_d<6>                          | IOB33            | OUTPUT    | LVCMOS33             |       | 12       | SLOW |              |          |          |
| hdmi_d<7>                          | IOB33            | OUTPUT    | LVCMOS33             |       | 12       | SLOW |              |          |          |
| hdmi_d<8>                          | IOB33            | OUTPUT    | LVCMOS33             |       | 12       | SLOW |              |          |          |
| hdmi_d<9>                          | IOB33            | OUTPUT    | LVCMOS33             |       | 12       | SLOW |              |          |          |
| hdmi_d<10>                         | IOB33            | OUTPUT    | LVCMOS33             |       | 12       | SLOW |              |          |          |
| hdmi_d<11>                         | IOB33            | OUTPUT    | LVCMOS33             |       | 12       | SLOW |              |          |          |
| hdmi_d<12>                         | IOB33            | OUTPUT    | LVCMOS33             |       | 12       | SLOW |              |          |          |
| hdmi_d<13>                         | IOB33            | OUTPUT    | LVCMOS33             |       | 12       | SLOW |              |          |          |
| hdmi_d<14>                         | IOB33            | OUTPUT    | LVCMOS33             |       | 12       | SLOW |              |          |          |
| hdmi_d<15>                         | IOB33            | OUTPUT    | LVCMOS33             |       | 12       | SLOW |              |          |          |
| hdmi_de                            | IOB33            | OUTPUT    | LVCMOS33             |       | 12       | SLOW |              |          |          |
| hdmi_hsync                         | IOB33            | OUTPUT    | LVCMOS33             |       | 12       | SLOW |              |          |          |
| hdmi_int                           | IOB33            | INPUT     | LVCMOS33             |       |          |      |              |          |          |
| hdmi_vsync                         | IOB33            | OUTPUT    | LVCMOS33             |       | 12       | SLOW |              |          |          |
| leds_l<0>                          | IOB33            | OUTPUT    | LVCMOS33             |       | 12       | SLOW |              |          |          |
| leds_l<1>                          | IOB33            | OUTPUT    | LVCMOS33             |       | 12       | SLOW |              |          |          |
| leds_l<2>                          | IOB33            | OUTPUT    | LVCMOS33             |       | 12       | SLOW |              |          |          |
| leds_l<3>                          | IOB33            | OUTPUT    | LVCMOS33             |       | 12       | SLOW |              |          |          |
| leds_r<0>                          | IOB33            | OUTPUT    | LVCMOS33             |       | 12       | SLOW |              |          |          |
| leds_r<1>                          | IOB33            | OUTPUT    | LVCMOS33             |       | 12       | SLOW |              |          |          |
| leds_r<2>                          | IOB33            | OUTPUT    | LVCMOS33             |       | 12       | SLOW |              |          |          |
| leds_r<3>                          | IOB33            | OUTPUT    | LVCMOS33             |       | 12       | SLOW |              |          |          |
| scl                                | IOB33            | OUTPUT    | LVCMOS33             |       | 12       | SLOW |              |          |          |
| sda                                | IOB33            | OUTPUT    | LVCMOS33             |       | 12       | SLOW |              | PULLUP   |          |
| sw<1>                              | IOB              | INPUT     | LVCMOS18             |       |          |      |              |          |          |
| sw<2>                              | IOB              | INPUT     | LVCMOS18             |       |          |      |              |          |          |
| sw<3>                              | IOB              | INPUT     | LVCMOS18             |       |          |      |              |          |          |
| sw<4>                              | IOB              | INPUT     | LVCMOS18             |       |          |      |              |          |          |
| sw<5>                              | IOB              | INPUT     | LVCMOS18             |       |          |      |              |          |          |
| sw<6>                              | IOB              | INPUT     | LVCMOS18             |       |          |      |              |          |          |
| sw<7>                              | IOB              | INPUT     | LVCMOS18             |       |          |      |              |          |          |
| sw<8>                              | IOB              | INPUT     | LVCMOS18             |       |          |      |              |          |          |
+---------------------------------------------------------------------------------------------------------------------------------------------------------+

Section 7 - RPMs
----------------

Section 8 - Guide Report
------------------------
Guide not run on this design.

Section 9 - Area Group and Partition Summary
--------------------------------------------

Partition Implementation Status
-------------------------------

  No Partitions were found in this design.

-------------------------------

Area Group Information
----------------------

  No area groups were found in this design.

----------------------

Section 10 - Timing Report
--------------------------
A logic-level (pre-route) timing report can be generated by using Xilinx static
timing analysis tools, Timing Analyzer (GUI) or TRCE (command line), with the
mapped NCD and PCF files. Please note that this timing report will be generated
using estimated delay information. For accurate numbers, please generate a
timing report with the post Place and Route NCD file.

For more information about the Timing Analyzer, consult the Xilinx Timing
Analyzer Reference Manual; for more information about TRCE, consult the Xilinx
Command Line Tools User Guide "TRACE" chapter.

Section 11 - Configuration String Details
-----------------------------------------
Use the "-detail" map option to print out Configuration Strings

Section 12 - Control Set Information
------------------------------------
Use the "-detail" map option to print out Control Set Information.

Section 13 - Utilization by Hierarchy
-------------------------------------
Use the "-detail" map option to print out the Utilization by Hierarchy section.
