Command line:
   color_changer_tb_isim_beh.exe
     -simmode  gui
     -simrunnum  0
     -socket  54638

Sun Nov 29 17:48:59 2015


 Elaboration Time: 0.078001 sec

 Current Memory Usage: 659.321 Meg

 Total Signals          : 36
 Total Nets             : 60
 Total Signal Drivers   : 17
 Total Blocks           : 6
 Total Primitive Blocks : 4
 Total Processes        : 24
 Total Traceable Variables  : 37
 Total Scalar Nets and Variables : 272
Total Line Count : 122

 Total Simulation Time: 0.109201 sec

 Current Memory Usage: 659.321 Meg

Sun Nov 29 17:49:18 2015

